<?xml version="1.0" encoding="UTF-8"?>
<!-- Generated by org.testng.reporters.JUnitReportReporter -->
<testsuite hostname="RojaRamani" failures="0" tests="2" name="com.goibibo.testcases.SingleTripTest" time="80.017" errors="0" timestamp="14 Sep 2020 16:51:42 GMT" skipped="0">
  <testcase classname="com.goibibo.testcases.SingleTripTest" name="SingleTripPaymentTest" time="43.126"/>
  <testcase classname="com.goibibo.testcases.SingleTripTest" name="SingleTripPaymentTest" time="36.891"/>
</testsuite> <!-- com.goibibo.testcases.SingleTripTest -->
