<?xml version="1.0" encoding="UTF-8"?>
<!-- Generated by org.testng.reporters.JUnitReportReporter -->
<testsuite hostname="RojaRamani" failures="0" tests="1" name="com.goibibo.testcases.SingleTripTest" time="51.722" errors="0" timestamp="14 Sep 2020 16:29:45 GMT" skipped="0">
  <testcase classname="com.goibibo.testcases.SingleTripTest" name="SingleTripPaymentTest" time="51.722"/>
</testsuite> <!-- com.goibibo.testcases.SingleTripTest -->
