<?xml version="1.0" encoding="UTF-8"?>
<!-- Generated by org.testng.reporters.JUnitReportReporter -->
<testsuite hostname="RojaRamani" failures="0" tests="1" name="com.goibibo.testcases.SingleTripTest" time="38.703" errors="0" timestamp="14 Sep 2020 14:39:41 GMT" skipped="0">
  <testcase classname="com.goibibo.testcases.SingleTripTest" name="SingleTripPaymentTest" time="38.703"/>
</testsuite> <!-- com.goibibo.testcases.SingleTripTest -->
